# JRE version: OpenJDK Runtime Environment (8.0_152) (build 1.8.0_152-release-1343-b16-5323222)
# Java VM: OpenJDK 64-Bit Server VM (25.152-b16-5323222 mixed mode linux-amd64 compressed oops)
Heap:
 PSYoungGen      total 400896K, used 339094K [0x00000000e0000000, 0x0000000100000000, 0x0000000100000000)
  eden space 306176K, 81% used [0x00000000e0000000,0x00000000ef44e678,0x00000000f2b00000)
  from space 94720K, 93% used [0x00000000fa380000,0x00000000ffa57258,0x0000000100000000)
  to   space 109056K, 0% used [0x00000000f2b00000,0x00000000f2b00000,0x00000000f9580000)
 ParOldGen       total 562176K, used 310579K [0x00000000a0000000, 0x00000000c2500000, 0x00000000e0000000)
  object space 562176K, 55% used [0x00000000a0000000,0x00000000b2f4ce78,0x00000000c2500000)
 Metaspace       used 120352K, capacity 125831K, committed 126120K, reserved 1159168K
  class space    used 14874K, capacity 16002K, committed 16040K, reserved 1048576K
GC Heap History (10 events):
Event: 965.689 GC heap before
{Heap before GC invocations=92 (full 7):
 PSYoungGen      total 489472K, used 480998K [0x00000000e0000000, 0x0000000100000000, 0x0000000100000000)
  eden space 457728K, 100% used [0x00000000e0000000,0x00000000fbf00000,0x00000000fbf00000)
  from space 31744K, 73% used [0x00000000fe100000,0x00000000ff7b9a98,0x0000000100000000)
  to   space 33280K, 0% used [0x00000000fbf00000,0x00000000fbf00000,0x00000000fdf80000)
 ParOldGen       total 365568K, used 201468K [0x00000000a0000000, 0x00000000b6500000, 0x00000000e0000000)
  object space 365568K, 55% used [0x00000000a0000000,0x00000000ac4bf308,0x00000000b6500000)
 Metaspace       used 119610K, capacity 124991K, committed 125096K, reserved 1159168K
  class space    used 14813K, capacity 15938K, committed 16040K, reserved 1048576K
Event: 965.800 GC heap after
Heap after GC invocations=92 (full 7):
 PSYoungGen      total 491008K, used 12580K [0x00000000e0000000, 0x00000000ffe80000, 0x0000000100000000)
  eden space 457728K, 0% used [0x00000000e0000000,0x00000000e0000000,0x00000000fbf00000)
  from space 33280K, 37% used [0x00000000fbf00000,0x00000000fcb49278,0x00000000fdf80000)
  to   space 31744K, 0% used [0x00000000fdf80000,0x00000000fdf80000,0x00000000ffe80000)
 ParOldGen       total 365568K, used 215120K [0x00000000a0000000, 0x00000000b6500000, 0x00000000e0000000)
  object space 365568K, 58% used [0x00000000a0000000,0x00000000ad214370,0x00000000b6500000)
 Metaspace       used 119610K, capacity 124991K, committed 125096K, reserved 1159168K
  class space    used 14813K, capacity 15938K, committed 16040K, reserved 1048576K
}
Event: 997.642 GC heap before
{Heap before GC invocations=93 (full 7):
 PSYoungGen      total 491008K, used 470308K [0x00000000e0000000, 0x00000000ffe80000, 0x0000000100000000)
  eden space 457728K, 100% used [0x00000000e0000000,0x00000000fbf00000,0x00000000fbf00000)
  from space 33280K, 37% used [0x00000000fbf00000,0x00000000fcb49278,0x00000000fdf80000)
  to   space 31744K, 0% used [0x00000000fdf80000,0x00000000fdf80000,0x00000000ffe80000)
 ParOldGen       total 365568K, used 215120K [0x00000000a0000000, 0x00000000b6500000, 0x00000000e0000000)
  object space 365568K, 58% used [0x00000000a0000000,0x00000000ad214370,0x00000000b6500000)
 Metaspace       used 120172K, capacity 125671K, committed 125864K, reserved 1159168K
  class space    used 14864K, capacity 15994K, committed 16040K, reserved 1048576K
Event: 998.524 GC heap after
Heap after GC invocations=93 (full 7):
 PSYoungGen      total 378880K, used 31726K [0x00000000e0000000, 0x0000000100000000, 0x0000000100000000)
  eden space 347136K, 0% used [0x00000000e0000000,0x00000000e0000000,0x00000000f5300000)
  from space 31744K, 99% used [0x00000000fdf80000,0x00000000ffe7b830,0x00000000ffe80000)
  to   space 88576K, 0% used [0x00000000f5300000,0x00000000f5300000,0x00000000fa980000)
 ParOldGen       total 365568K, used 355387K [0x00000000a0000000, 0x00000000b6500000, 0x00000000e0000000)
  object space 365568K, 97% used [0x00000000a0000000,0x00000000b5b0ef28,0x00000000b6500000)
 Metaspace       used 120172K, capacity 125671K, committed 125864K, reserved 1159168K
  class space    used 14864K, capacity 15994K, committed 16040K, reserved 1048576K
}
Event: 998.524 GC heap before
{Heap before GC invocations=94 (full 8):
 PSYoungGen      total 378880K, used 31726K [0x00000000e0000000, 0x0000000100000000, 0x0000000100000000)
  eden space 347136K, 0% used [0x00000000e0000000,0x00000000e0000000,0x00000000f5300000)
  from space 31744K, 99% used [0x00000000fdf80000,0x00000000ffe7b830,0x00000000ffe80000)
  to   space 88576K, 0% used [0x00000000f5300000,0x00000000f5300000,0x00000000fa980000)
 ParOldGen       total 365568K, used 355387K [0x00000000a0000000, 0x00000000b6500000, 0x00000000e0000000)
  object space 365568K, 97% used [0x00000000a0000000,0x00000000b5b0ef28,0x00000000b6500000)
 Metaspace       used 120172K, capacity 125671K, committed 125864K, reserved 1159168K
  class space    used 14864K, capacity 15994K, committed 16040K, reserved 1048576K
Event: 1002.058 GC heap after
Heap after GC invocations=94 (full 8):
 PSYoungGen      total 378880K, used 0K [0x00000000e0000000, 0x0000000100000000, 0x0000000100000000)
  eden space 347136K, 0% used [0x00000000e0000000,0x00000000e0000000,0x00000000f5300000)
  from space 31744K, 0% used [0x00000000fdf80000,0x00000000fdf80000,0x00000000ffe80000)
  to   space 88576K, 0% used [0x00000000f5300000,0x00000000f5300000,0x00000000fa980000)
 ParOldGen       total 562176K, used 310571K [0x00000000a0000000, 0x00000000c2500000, 0x00000000e0000000)
  object space 562176K, 55% used [0x00000000a0000000,0x00000000b2f4ae78,0x00000000c2500000)
 Metaspace       used 120172K, capacity 125671K, committed 125864K, reserved 1159168K
  class space    used 14864K, capacity 15994K, committed 16040K, reserved 1048576K
}
Event: 1007.102 GC heap before
{Heap before GC invocations=95 (full 8):
 PSYoungGen      total 378880K, used 347136K [0x00000000e0000000, 0x0000000100000000, 0x0000000100000000)
  eden space 347136K, 100% used [0x00000000e0000000,0x00000000f5300000,0x00000000f5300000)
  from space 31744K, 0% used [0x00000000fdf80000,0x00000000fdf80000,0x00000000ffe80000)
  to   space 88576K, 0% used [0x00000000f5300000,0x00000000f5300000,0x00000000fa980000)
 ParOldGen       total 562176K, used 310571K [0x00000000a0000000, 0x00000000c2500000, 0x00000000e0000000)
  object space 562176K, 55% used [0x00000000a0000000,0x00000000b2f4ae78,0x00000000c2500000)
 Metaspace       used 120284K, capacity 125817K, committed 125864K, reserved 1159168K
  class space    used 14870K, capacity 15997K, committed 16040K, reserved 1048576K
Event: 1007.232 GC heap after
Heap after GC invocations=95 (full 8):
 PSYoungGen      total 411136K, used 63503K [0x00000000e0000000, 0x0000000100000000, 0x0000000100000000)
  eden space 347136K, 0% used [0x00000000e0000000,0x00000000e0000000,0x00000000f5300000)
  from space 64000K, 99% used [0x00000000f5300000,0x00000000f9103cc8,0x00000000f9180000)
  to   space 94720K, 0% used [0x00000000fa380000,0x00000000fa380000,0x0000000100000000)
 ParOldGen       total 562176K, used 310579K [0x00000000a0000000, 0x00000000c2500000, 0x00000000e0000000)
  object space 562176K, 55% used [0x00000000a0000000,0x00000000b2f4ce78,0x00000000c2500000)
 Metaspace       used 120284K, capacity 125817K, committed 125864K, reserved 1159168K
  class space    used 14870K, capacity 15997K, committed 16040K, reserved 1048576K
}
Event: 1011.458 GC heap before
{Heap before GC invocations=96 (full 8):
 PSYoungGen      total 411136K, used 410639K [0x00000000e0000000, 0x0000000100000000, 0x0000000100000000)
  eden space 347136K, 100% used [0x00000000e0000000,0x00000000f5300000,0x00000000f5300000)
  from space 64000K, 99% used [0x00000000f5300000,0x00000000f9103cc8,0x00000000f9180000)
  to   space 94720K, 0% used [0x00000000fa380000,0x00000000fa380000,0x0000000100000000)
 ParOldGen       total 562176K, used 310579K [0x00000000a0000000, 0x00000000c2500000, 0x00000000e0000000)
  object space 562176K, 55% used [0x00000000a0000000,0x00000000b2f4ce78,0x00000000c2500000)
 Metaspace       used 120339K, capacity 125831K, committed 126120K, reserved 1159168K
  class space    used 14873K, capacity 16002K, committed 16040K, reserved 1048576K
Event: 1011.904 GC heap after
Heap after GC invocations=96 (full 8):
 PSYoungGen      total 400896K, used 88924K [0x00000000e0000000, 0x0000000100000000, 0x0000000100000000)
  eden space 306176K, 0% used [0x00000000e0000000,0x00000000e0000000,0x00000000f2b00000)
  from space 94720K, 93% used [0x00000000fa380000,0x00000000ffa57258,0x0000000100000000)
  to   space 109056K, 0% used [0x00000000f2b00000,0x00000000f2b00000,0x00000000f9580000)
 ParOldGen       total 562176K, used 310579K [0x00000000a0000000, 0x00000000c2500000, 0x00000000e0000000)
  object space 562176K, 55% used [0x00000000a0000000,0x00000000b2f4ce78,0x00000000c2500000)
 Metaspace       used 120339K, capacity 125831K, committed 126120K, reserved 1159168K
  class space    used 14873K, capacity 16002K, committed 16040K, reserved 1048576K
}

